android/app/build/intermediates/manifest_merge_blame_file/debug/manifest-merger-blame-debug-report.txt
1<?xml version="1.0" encoding="utf-8"?>
2<manifest xmlns:android="http://schemas.android.com/apk/res/android"
3    package="com.todoist"
4    android:versionCode="1"
5    android:versionName="1.0" >
6
7    <uses-sdk
8        android:minSdkVersion="21"
9        android:targetSdkVersion="29" />
10
11    <uses-permission android:name="android.permission.SYSTEM_ALERT_WINDOW" />
11-->src\debug\AndroidManifest.xml:5:5-77
11-->src\debug\AndroidManifest.xml:5:22-75
12    <uses-permission android:name="android.permission.INTERNET" />
12-->src\main\AndroidManifest.xml:4:5-67
12-->src\main\AndroidManifest.xml:4:22-64
13    <uses-permission android:name="android.permission.READ_EXTERNAL_STORAGE" />
13-->src\main\AndroidManifest.xml:5:5-80
13-->src\main\AndroidManifest.xml:5:22-77
14    <uses-permission android:name="android.permission.WRITE_EXTERNAL_STORAGE" />
14-->src\main\AndroidManifest.xml:6:5-81
14-->src\main\AndroidManifest.xml:6:22-78
15    <uses-permission android:name="android.permission.DOWNLOAD_WITHOUT_NOTIFICATION" />
15-->src\main\AndroidManifest.xml:7:5-88
15-->src\main\AndroidManifest.xml:7:22-85
16    <uses-permission android:name="android.permission.ACCESS_NETWORK_STATE" />
16-->src\main\AndroidManifest.xml:8:5-79
16-->src\main\AndroidManifest.xml:8:22-76
17    <uses-permission android:name="android.permission.ACCESS_WIFI_STATE" /> <!-- Required to access Google Play Licensing -->
17-->[com.facebook.flipper:flipper:0.75.1] AndroidManifest.xml:16:5-76
17-->[com.facebook.flipper:flipper:0.75.1] AndroidManifest.xml:16:22-73
18    <uses-permission android:name="com.android.vending.CHECK_LICENSE" />
18-->[:rn-fetch-blob] AndroidManifest.xml:12:5-73
18-->[:rn-fetch-blob] AndroidManifest.xml:12:22-70
19    <!--
20         Required to keep CPU alive while downloading files
21        (NOT to keep screen awake)
22    -->
23    <uses-permission android:name="android.permission.WAKE_LOCK" />
23-->[:rn-fetch-blob] AndroidManifest.xml:21:5-68
23-->[:rn-fetch-blob] AndroidManifest.xml:21:22-65
24    <uses-permission android:name="com.google.android.finsky.permission.BIND_GET_INSTALL_REFERRER_SERVICE" />
24-->[com.android.installreferrer:installreferrer:1.0] AndroidManifest.xml:9:5-110
24-->[com.android.installreferrer:installreferrer:1.0] AndroidManifest.xml:9:22-107
25
26    <application
26-->src\main\AndroidManifest.xml:10:5-30:19
27        android:name="com.todoist.MainApplication"
27-->src\main\AndroidManifest.xml:11:7-38
28        android:allowBackup="false"
28-->src\main\AndroidManifest.xml:15:7-34
29        android:appComponentFactory="androidx.core.app.CoreComponentFactory"
29-->[androidx.core:core:1.1.0] AndroidManifest.xml:24:18-86
30        android:debuggable="true"
31        android:icon="@mipmap/ic_launcher"
31-->src\main\AndroidManifest.xml:13:7-41
32        android:label="@string/app_name"
32-->src\main\AndroidManifest.xml:12:7-39
33        android:roundIcon="@mipmap/ic_launcher_round"
33-->src\main\AndroidManifest.xml:14:7-52
34        android:supportsRtl="true"
34-->[com.facebook.android:facebook-android-sdk:8.2.0] AndroidManifest.xml:28:18-44
35        android:theme="@style/AppTheme"
35-->src\main\AndroidManifest.xml:16:7-38
36        android:usesCleartextTraffic="true" >
36-->src\debug\AndroidManifest.xml:8:9-44
37        <activity android:name="com.facebook.react.devsupport.DevSettingsActivity" />
37-->src\debug\AndroidManifest.xml:11:9-86
37-->src\debug\AndroidManifest.xml:11:19-83
38
39        <meta-data
39-->src\main\AndroidManifest.xml:17:7-105
40            android:name="com.facebook.sdk.ApplicationId"
40-->src\main\AndroidManifest.xml:17:18-63
41            android:value="@string/facebook_app_id" />
41-->src\main\AndroidManifest.xml:17:64-103
42
43        <activity
43-->src\main\AndroidManifest.xml:17:106-281
44            android:name="com.facebook.FacebookActivity"
44-->src\main\AndroidManifest.xml:17:116-160
45            android:configChanges="keyboard|keyboardHidden|screenLayout|screenSize|orientation"
45-->src\main\AndroidManifest.xml:17:161-245
46            android:label="@string/app_name"
46-->src\main\AndroidManifest.xml:17:246-278
47            android:theme="@style/com_facebook_activity_theme" />
47-->[com.facebook.android:facebook-common:8.2.0] AndroidManifest.xml:33:13-63
48        <activity
48-->src\main\AndroidManifest.xml:17:282-641
49            android:name="com.facebook.CustomTabActivity"
49-->src\main\AndroidManifest.xml:17:292-337
50            android:exported="true" >
50-->src\main\AndroidManifest.xml:17:338-361
51            <intent-filter>
51-->src\main\AndroidManifest.xml:17:363-629
52                <action android:name="android.intent.action.VIEW" />
52-->src\main\AndroidManifest.xml:17:379-431
52-->src\main\AndroidManifest.xml:17:387-428
53
54                <category android:name="android.intent.category.DEFAULT" />
54-->src\main\AndroidManifest.xml:17:432-491
54-->src\main\AndroidManifest.xml:17:442-488
55                <category android:name="android.intent.category.BROWSABLE" />
55-->src\main\AndroidManifest.xml:17:492-553
55-->src\main\AndroidManifest.xml:17:502-550
56
57                <data android:scheme="@string/fb_login_protocol_scheme" />
57-->src\main\AndroidManifest.xml:17:554-612
57-->src\main\AndroidManifest.xml:17:560-609
58            </intent-filter>
59            <intent-filter>
59-->[com.facebook.android:facebook-common:8.2.0] AndroidManifest.xml:39:13-48:29
60                <action android:name="android.intent.action.VIEW" />
60-->src\main\AndroidManifest.xml:17:379-431
60-->src\main\AndroidManifest.xml:17:387-428
61
62                <category android:name="android.intent.category.DEFAULT" />
62-->src\main\AndroidManifest.xml:17:432-491
62-->src\main\AndroidManifest.xml:17:442-488
63                <category android:name="android.intent.category.BROWSABLE" />
63-->src\main\AndroidManifest.xml:17:492-553
63-->src\main\AndroidManifest.xml:17:502-550
64
65                <data
65-->src\main\AndroidManifest.xml:17:554-612
66                    android:host="cct.com.todoist"
67                    android:scheme="fbconnect" />
67-->src\main\AndroidManifest.xml:17:560-609
68            </intent-filter>
69        </activity>
70        <activity
70-->src\main\AndroidManifest.xml:18:7-29:18
71            android:name="com.todoist.MainActivity"
71-->src\main\AndroidManifest.xml:19:9-37
72            android:configChanges="keyboard|keyboardHidden|orientation|screenSize|uiMode"
72-->src\main\AndroidManifest.xml:21:9-86
73            android:label="@string/app_name"
73-->src\main\AndroidManifest.xml:20:9-41
74            android:launchMode="singleTask"
74-->src\main\AndroidManifest.xml:22:9-40
75            android:windowSoftInputMode="adjustResize" >
75-->src\main\AndroidManifest.xml:23:9-51
76            <intent-filter>
76-->src\main\AndroidManifest.xml:24:9-28:25
77                <action android:name="android.intent.action.MAIN" />
77-->src\main\AndroidManifest.xml:25:13-65
77-->src\main\AndroidManifest.xml:25:21-62
78
79                <category android:name="android.intent.category.LAUNCHER" />
79-->src\main\AndroidManifest.xml:26:13-73
79-->src\main\AndroidManifest.xml:26:23-70
80
81                <action android:name="android.intent.action.DOWNLOAD_COMPLETE" />
81-->src\main\AndroidManifest.xml:27:13-77
81-->src\main\AndroidManifest.xml:27:21-75
82            </intent-filter>
83        </activity>
84
85        <provider
85-->[:rn-fetch-blob] AndroidManifest.xml:36:9-44:20
86            android:name="com.RNFetchBlob.Utils.FileProvider"
86-->[:rn-fetch-blob] AndroidManifest.xml:37:13-62
87            android:authorities="com.todoist.provider"
87-->[:rn-fetch-blob] AndroidManifest.xml:38:13-60
88            android:exported="false"
88-->[:rn-fetch-blob] AndroidManifest.xml:39:13-37
89            android:grantUriPermissions="true" >
89-->[:rn-fetch-blob] AndroidManifest.xml:40:13-47
90            <meta-data
90-->[:rn-fetch-blob] AndroidManifest.xml:41:13-43:58
91                android:name="android.support.FILE_PROVIDER_PATHS"
91-->[:rn-fetch-blob] AndroidManifest.xml:42:17-67
92                android:resource="@xml/provider_paths" />
92-->[:rn-fetch-blob] AndroidManifest.xml:43:17-55
93        </provider>
94
95        <activity
95-->[com.google.android.gms:play-services-auth:16.0.1] AndroidManifest.xml:23:9-27:75
96            android:name="com.google.android.gms.auth.api.signin.internal.SignInHubActivity"
96-->[com.google.android.gms:play-services-auth:16.0.1] AndroidManifest.xml:24:13-93
97            android:excludeFromRecents="true"
97-->[com.google.android.gms:play-services-auth:16.0.1] AndroidManifest.xml:25:13-46
98            android:exported="false"
98-->[com.google.android.gms:play-services-auth:16.0.1] AndroidManifest.xml:26:13-37
99            android:theme="@android:style/Theme.Translucent.NoTitleBar" />
99-->[com.google.android.gms:play-services-auth:16.0.1] AndroidManifest.xml:27:13-72
100        <!--
101            Service handling Google Sign-In user revocation. For apps that do not integrate with
102            Google Sign-In, this service will never be started.
103        -->
104        <service
104-->[com.google.android.gms:play-services-auth:16.0.1] AndroidManifest.xml:33:9-36:110
105            android:name="com.google.android.gms.auth.api.signin.RevocationBoundService"
105-->[com.google.android.gms:play-services-auth:16.0.1] AndroidManifest.xml:34:13-89
106            android:exported="true"
106-->[com.google.android.gms:play-services-auth:16.0.1] AndroidManifest.xml:35:13-36
107            android:permission="com.google.android.gms.auth.api.signin.permission.REVOCATION_NOTIFICATION" />
107-->[com.google.android.gms:play-services-auth:16.0.1] AndroidManifest.xml:36:13-107
108
109        <activity
109-->[com.google.android.gms:play-services-base:16.0.1] AndroidManifest.xml:23:9-26:75
110            android:name="com.google.android.gms.common.api.GoogleApiActivity"
110-->[com.google.android.gms:play-services-base:16.0.1] AndroidManifest.xml:24:13-79
111            android:exported="false"
111-->[com.google.android.gms:play-services-base:16.0.1] AndroidManifest.xml:25:13-37
112            android:theme="@android:style/Theme.Translucent.NoTitleBar" />
112-->[com.google.android.gms:play-services-base:16.0.1] AndroidManifest.xml:26:13-72
113
114        <meta-data
114-->[com.google.android.gms:play-services-basement:16.0.1] AndroidManifest.xml:23:9-25:69
115            android:name="com.google.android.gms.version"
115-->[com.google.android.gms:play-services-basement:16.0.1] AndroidManifest.xml:24:13-58
116            android:value="@integer/google_play_services_version" />
116-->[com.google.android.gms:play-services-basement:16.0.1] AndroidManifest.xml:25:13-66
117
118        <activity android:name="com.facebook.CustomTabMainActivity" />
118-->[com.facebook.android:facebook-common:8.2.0] AndroidManifest.xml:34:9-71
118-->[com.facebook.android:facebook-common:8.2.0] AndroidManifest.xml:34:19-68
119        <!--
120         The initialization ContentProvider will call FacebookSdk.sdkInitialize automatically
121         with the application context. This config is merged in with the host app's manifest,
122         but there can only be one provider with the same authority activated at any given
123         point; so if the end user has two or more different apps that use Facebook SDK, only the
124         first one will be able to use the provider. To work around this problem, we use the
125         following placeholder in the authority to identify each host application as if it was
126         a completely different provider.
127        -->
128        <provider
128-->[com.facebook.android:facebook-core:8.2.0] AndroidManifest.xml:39:9-42:40
129            android:name="com.facebook.internal.FacebookInitProvider"
129-->[com.facebook.android:facebook-core:8.2.0] AndroidManifest.xml:40:13-70
130            android:authorities="com.todoist.FacebookInitProvider"
130-->[com.facebook.android:facebook-core:8.2.0] AndroidManifest.xml:41:13-72
131            android:exported="false" />
131-->[com.facebook.android:facebook-core:8.2.0] AndroidManifest.xml:42:13-37
132
133        <receiver
133-->[com.facebook.android:facebook-core:8.2.0] AndroidManifest.xml:44:9-50:20
134            android:name="com.facebook.CurrentAccessTokenExpirationBroadcastReceiver"
134-->[com.facebook.android:facebook-core:8.2.0] AndroidManifest.xml:45:13-86
135            android:exported="false" >
135-->[com.facebook.android:facebook-core:8.2.0] AndroidManifest.xml:46:13-37
136            <intent-filter>
136-->[com.facebook.android:facebook-core:8.2.0] AndroidManifest.xml:47:13-49:29
137                <action android:name="com.facebook.sdk.ACTION_CURRENT_ACCESS_TOKEN_CHANGED" />
137-->[com.facebook.android:facebook-core:8.2.0] AndroidManifest.xml:48:17-95
137-->[com.facebook.android:facebook-core:8.2.0] AndroidManifest.xml:48:25-92
138            </intent-filter>
139        </receiver>
140    </application>
141
142</manifest>